<?xml version="1.0" encoding="UTF-8"?>
<!-- Generated by org.testng.reporters.JUnitReportReporter -->
<testsuite hostname="Arpit-Asus-Laptop" failures="0" tests="2" name="quickacademy.AppiumTest" time="0.010" errors="0" timestamp="2021-06-05T22:09:42 IST" skipped="0">
  <testcase classname="quickacademy.AppiumTest" name="IOSApps" time="0.008"/>
  <system-out/>
  <testcase classname="quickacademy.AppiumTest" name="NativeAppAndroid" time="0.002"/>
  <system-out/>
</testsuite> <!-- quickacademy.AppiumTest -->
