<?xml version="1.0" encoding="UTF-8"?>
<!-- Generated by org.testng.reporters.JUnitReportReporter -->
<testsuite skipped="0" hostname="Arpit-Asus-Laptop" name="quickacademy.AppiumTest" tests="2" failures="0" timestamp="2021-05-25T15:57:59 IST" time="0.000" errors="0">
  <testcase name="NativeAppAndroid" time="0.000" classname="quickacademy.AppiumTest"/>
  <system-out/>
  <testcase name="IOSApps" time="0.000" classname="quickacademy.AppiumTest"/>
  <system-out/>
</testsuite> <!-- quickacademy.AppiumTest -->
