<?xml version="1.0" encoding="UTF-8"?>
<!-- Generated by org.testng.reporters.JUnitReportReporter -->
<testsuite skipped="0" hostname="Arpit-Asus-Laptop" name="quickacademy.SeleniumTest" tests="2" failures="0" timestamp="2021-05-25T15:57:59 IST" time="0.005" errors="0">
  <testcase name="elementsUI" time="0.000" classname="quickacademy.SeleniumTest"/>
  <system-out/>
  <testcase name="BrowserAutomation" time="0.005" classname="quickacademy.SeleniumTest"/>
  <system-out/>
</testsuite> <!-- quickacademy.SeleniumTest -->
