<?xml version="1.0" encoding="UTF-8"?>
<!-- Generated by org.testng.reporters.JUnitReportReporter -->
<testsuite skipped="0" hostname="Arpit-Asus-Laptop" name="quickacademy.RestAPITest" tests="2" failures="0" timestamp="2021-05-25T15:57:59 IST" time="0.001" errors="0">
  <testcase name="deleteTwitter" time="0.001" classname="quickacademy.RestAPITest"/>
  <system-out/>
  <testcase name="postJira" time="0.000" classname="quickacademy.RestAPITest"/>
  <system-out/>
</testsuite> <!-- quickacademy.RestAPITest -->
